
  [32m[1mVITE[22m v7.3.1[39m  [2mready in [0m[1m1244[22m[2m[0m ms[22m

  [32m➜[39m  [1mLocal[22m:   [36mhttp://localhost:[1m19392[22m/[39m
  [32m➜[39m  [1mNetwork[22m: [36mhttp://172.20.10.2:[1m19392[22m/[39m
[2m12:06:29 am[22m [36m[1m[vite][22m[39m [90m[2m(client)[22m[39m [32mhmr update [39m[2m/src/pages/announcements.tsx, /src/pages/admin-login.tsx, /src/pages/admin-dashboard.tsx, /src/pages/register.tsx[22m
[2m12:06:29 am[22m [36m[1m[vite][22m[39m [90m[2m(client)[22m[39m [32mhmr update [39m[2m/src/pages/announcements.tsx, /src/pages/admin-login.tsx, /src/pages/admin-dashboard.tsx, /src/pages/register.tsx[22m
[2m12:08:36 am[22m [36m[1m[vite][22m[39m [90m[2m(client)[22m[39m [32mhmr update [39m[2m/src/pages/admin-login.tsx, /src/index.css[22m
[2m12:09:38 am[22m [36m[1m[vite][22m[39m [90m[2m(client)[22m[39m [32mhmr update [39m[2m/src/pages/admin-dashboard.tsx, /src/index.css[22m
[2m12:35:10 am[22m [36m[1m[vite][22m[39m [90m[2m(client)[22m[39m [32mhmr update [39m[2m/src/pages/events.tsx, /src/index.css[22m
[2m12:35:23 am[22m [36m[1m[vite][22m[39m [90m[2m(client)[22m[39m [32mhmr update [39m[2m/src/pages/home.tsx, /src/index.css[22m
[2m12:37:10 am[22m [36m[1m[vite][22m[39m [90m[2m(client)[22m[39m [32mhmr update [39m[2m/src/pages/admin-login.tsx, /src/index.css[22m
[2m12:37:21 am[22m [36m[1m[vite][22m[39m [90m[2m(client)[22m[39m [32mhmr update [39m[2m/src/pages/admin-dashboard.tsx, /src/index.css[22m
[2m12:38:42 am[22m [36m[1m[vite][22m[39m [90m[2m(client)[22m[39m [32mhmr update [39m[2m/src/pages/register.tsx, /src/index.css[22m
[2m12:38:52 am[22m [36m[1m[vite][22m[39m [90m[2m(client)[22m[39m [32mhmr update [39m[2m/src/index.css, /src/components/layout.tsx[22m
[2m12:39:55 am[22m [36m[1m[vite][22m[39m [90m[2m(client)[22m[39m [32mhmr update [39m[2m/src/pages/register.tsx, /src/index.css[22m
[2m12:45:01 am[22m [36m[1m[vite][22m[39m [90m[2m(client)[22m[39m [32mhmr update [39m[2m/src/pages/admin-login.tsx, /src/index.css[22m
[2m12:45:14 am[22m [36m[1m[vite][22m[39m [90m[2m(client)[22m[39m [32mhmr update [39m[2m/src/pages/admin-dashboard.tsx, /src/index.css[22m
[2m12:45:23 am[22m [36m[1m[vite][22m[39m [90m[2m(client)[22m[39m [32mhmr update [39m[2m/src/pages/events.tsx, /src/index.css[22m
[2m12:45:47 am[22m [36m[1m[vite][22m[39m [90m[2m(client)[22m[39m [32mhmr update [39m[2m/src/pages/register.tsx, /src/index.css[22m
[2m12:46:10 am[22m [36m[1m[vite][22m[39m [90m[2m(client)[22m[39m [32mhmr update [39m[2m/src/pages/announcements.tsx, /src/pages/admin-login.tsx, /src/pages/admin-dashboard.tsx, /src/pages/register.tsx[22m
[2m1:03:05 am[22m [36m[1m[vite][22m[39m [90m[2m(client)[22m[39m [32mhmr update [39m[2m/src/pages/register.tsx, /src/index.css[22m
[2m1:10:37 am[22m [36m[1m[vite][22m[39m [90m[2m(client)[22m[39m [32mhmr update [39m[2m/src/pages/home.tsx, /src/index.css[22m
[2m1:26:16 am[22m [36m[1m[vite][22m[39m [90m[2m(client)[22m[39m [32mhmr update [39m[2m/src/index.css, /src/components/layout.tsx[22m
[2m1:30:30 am[22m [36m[1m[vite][22m[39m [90m[2m(client)[22m[39m [32mhmr update [39m[2m/src/index.css, /src/components/layout.tsx[22m
[2m1:33:47 am[22m [36m[1m[vite][22m[39m [90m[2m(client)[22m[39m [32mhmr update [39m[2m/src/index.css, /src/components/layout.tsx[22m
[2m1:35:41 am[22m [36m[1m[vite][22m[39m [90m[2m(client)[22m[39m [32mhmr update [39m[2m/src/index.css, /src/components/layout.tsx[22m
[2m1:36:46 am[22m [36m[1m[vite][22m[39m [90m[2m(client)[22m[39m [32mhmr update [39m[2m/src/pages/events.tsx, /src/index.css[22m
[2m1:38:31 am[22m [36m[1m[vite][22m[39m [90m[2m(client)[22m[39m [32mhmr update [39m[2m/src/pages/events.tsx, /src/index.css[22m
[2m1:40:47 am[22m [36m[1m[vite][22m[39m [90m[2m(client)[22m[39m [32mhmr update [39m[2m/src/pages/events.tsx, /src/index.css[22m
[2m1:42:00 am[22m [36m[1m[vite][22m[39m [90m[2m(client)[22m[39m [32mhmr update [39m[2m/src/index.css, /src/components/layout.tsx[22m
[2m1:42:00 am[22m [36m[1m[vite][22m[39m [90m[2m(client)[22m[39m [32mhmr update [39m[2m/src/pages/events.tsx, /src/index.css[22m
[2m5:41:29 pm[22m [36m[1m[vite][22m[39m [90m[2m(client)[22m[39m [32mhmr update [39m[2m/src/pages/register.tsx, /src/index.css[22m
[2m5:42:14 pm[22m [36m[1m[vite][22m[39m [90m[2m(client)[22m[39m [32mhmr update [39m[2m/src/pages/register.tsx, /src/index.css[22m
[2m5:48:01 pm[22m [36m[1m[vite][22m[39m [90m[2m(client)[22m[39m [32mhmr update [39m[2m/src/pages/announcements.tsx, /src/pages/admin-login.tsx, /src/pages/admin-dashboard.tsx, /src/pages/register.tsx[22m
[2m5:48:48 pm[22m [36m[1m[vite][22m[39m [90m[2m(client)[22m[39m [32mhmr update [39m[2m/src/pages/register.tsx, /src/index.css[22m
[2m6:03:57 pm[22m [36m[1m[vite][22m[39m [90m[2m(client)[22m[39m [32mhmr update [39m[2m/src/pages/register.tsx, /src/index.css[22m
[2m6:04:10 pm[22m [36m[1m[vite][22m[39m [90m[2m(client)[22m[39m [32mhmr update [39m[2m/src/pages/register.tsx, /src/index.css[22m
[2m8:00:17 pm[22m [36m[1m[vite][22m[39m [90m[2m(client)[22m[39m [32mhmr update [39m[2m/src/pages/events.tsx, /src/index.css[22m
[2m8:07:43 pm[22m [36m[1m[vite][22m[39m [90m[2m(client)[22m[39m [32mhmr update [39m[2m/src/pages/events.tsx, /src/index.css[22m
[2m8:07:43 pm[22m [36m[1m[vite][22m[39m [90m[2m(client)[22m[39m [32mhmr update [39m[2m/src/pages/events.tsx, /src/index.css[22m
[2m8:09:38 pm[22m [36m[1m[vite][22m[39m [90m[2m(client)[22m[39m [32mhmr update [39m[2m/src/pages/events.tsx, /src/index.css[22m
[2m8:10:28 pm[22m [36m[1m[vite][22m[39m [90m[2m(client)[22m[39m [32mhmr update [39m[2m/src/pages/events.tsx, /src/index.css[22m
[2m8:10:43 pm[22m [36m[1m[vite][22m[39m [90m[2m(client)[22m[39m [32mhmr update [39m[2m/src/pages/events.tsx, /src/index.css[22m
[2m8:11:06 pm[22m [36m[1m[vite][22m[39m [90m[2m(client)[22m[39m [32mhmr update [39m[2m/src/pages/events.tsx, /src/index.css[22m
[2m8:11:20 pm[22m [36m[1m[vite][22m[39m [90m[2m(client)[22m[39m [32mhmr update [39m[2m/src/pages/events.tsx, /src/index.css[22m
[2m8:11:26 pm[22m [36m[1m[vite][22m[39m [90m[2m(client)[22m[39m [32mhmr update [39m[2m/src/pages/events.tsx, /src/index.css[22m
[2m8:11:30 pm[22m [36m[1m[vite][22m[39m [90m[2m(client)[22m[39m [32mhmr update [39m[2m/src/pages/events.tsx, /src/index.css[22m
[2m8:18:25 pm[22m [36m[1m[vite][22m[39m [90m[2m(client)[22m[39m [32mhmr update [39m[2m/src/pages/events.tsx, /src/index.css[22m
[2m8:20:27 pm[22m [36m[1m[vite][22m[39m [90m[2m(client)[22m[39m [32mhmr update [39m[2m/src/pages/events.tsx, /src/index.css[22m
[2m8:22:41 pm[22m [36m[1m[vite][22m[39m [90m[2m(client)[22m[39m [32mhmr update [39m[2m/src/pages/events.tsx, /src/index.css[22m
[2m8:22:49 pm[22m [36m[1m[vite][22m[39m [90m[2m(client)[22m[39m [32mhmr update [39m[2m/src/pages/events.tsx, /src/index.css[22m
[2m8:22:54 pm[22m [36m[1m[vite][22m[39m [90m[2m(client)[22m[39m [32mhmr update [39m[2m/src/pages/events.tsx, /src/index.css[22m
[2m8:25:47 pm[22m [36m[1m[vite][22m[39m [90m[2m(client)[22m[39m [32mhmr update [39m[2m/src/pages/events.tsx, /src/index.css[22m
[2m8:25:55 pm[22m [36m[1m[vite][22m[39m [90m[2m(client)[22m[39m [32mhmr update [39m[2m/src/pages/events.tsx, /src/index.css[22m
[2m8:26:03 pm[22m [36m[1m[vite][22m[39m [90m[2m(client)[22m[39m [32mhmr update [39m[2m/src/pages/events.tsx, /src/index.css[22m
[2m8:26:36 pm[22m [36m[1m[vite][22m[39m [90m[2m(client)[22m[39m [32mhmr update [39m[2m/src/pages/events.tsx, /src/index.css[22m
[2m8:28:31 pm[22m [36m[1m[vite][22m[39m [90m[2m(client)[22m[39m [32mhmr update [39m[2m/src/pages/events.tsx, /src/index.css[22m
[2m8:29:41 pm[22m [36m[1m[vite][22m[39m [90m[2m(client)[22m[39m [32mhmr update [39m[2m/src/pages/events.tsx, /src/index.css[22m
[2m8:30:03 pm[22m [36m[1m[vite][22m[39m [90m[2m(client)[22m[39m [32mhmr update [39m[2m/src/pages/events.tsx, /src/index.css[22m
[2m8:30:35 pm[22m [36m[1m[vite][22m[39m [90m[2m(client)[22m[39m [32mhmr update [39m[2m/src/pages/events.tsx, /src/index.css[22m
[2m8:38:23 pm[22m [36m[1m[vite][22m[39m [90m[2m(client)[22m[39m [32mhmr update [39m[2m/src/pages/events.tsx, /src/index.css[22m
[2m8:43:19 pm[22m [36m[1m[vite][22m[39m [90m[2m(client)[22m[39m [32mhmr update [39m[2m/src/pages/home.tsx, /src/index.css[22m
[2m8:44:09 pm[22m [36m[1m[vite][22m[39m [90m[2m(client)[22m[39m [32mhmr update [39m[2m/src/pages/home.tsx, /src/index.css[22m
[2m10:15:01 pm[22m [36m[1m[vite][22m[39m [90m[2m(client)[22m[39m [32mhmr update [39m[2m/src/pages/contact.tsx, /src/index.css[22m
[2m10:15:54 pm[22m [36m[1m[vite][22m[39m [90m[2m(client)[22m[39m [32mhmr update [39m[2m/src/pages/contact.tsx, /src/index.css[22m
[2m10:15:54 pm[22m [36m[1m[vite][22m[39m [90m[2m(client)[22m[39m [32mhmr update [39m[2m/src/pages/events.tsx, /src/index.css[22m
[2m10:15:54 pm[22m [36m[1m[vite][22m[39m [90m[2m(client)[22m[39m [32mhmr update [39m[2m/src/pages/home.tsx, /src/index.css[22m
[2m10:17:34 pm[22m [36m[1m[vite][22m[39m [90m[2m(client)[22m[39m [32mhmr update [39m[2m/src/pages/contact.tsx, /src/index.css[22m
[2m10:17:43 pm[22m [36m[1m[vite][22m[39m [90m[2m(client)[22m[39m [32mhmr update [39m[2m/src/pages/events.tsx, /src/index.css[22m
[2m10:19:37 pm[22m [36m[1m[vite][22m[39m [90m[2m(client)[22m[39m [32mhmr update [39m[2m/src/pages/contact.tsx, /src/index.css[22m
[2m10:21:12 pm[22m [36m[1m[vite][22m[39m [90m[2m(client)[22m[39m [32mhmr update [39m[2m/src/pages/home.tsx, /src/index.css[22m
[2m10:21:45 pm[22m [36m[1m[vite][22m[39m [90m[2m(client)[22m[39m [32mhmr update [39m[2m/src/pages/contact.tsx, /src/index.css[22m
[2m10:22:07 pm[22m [36m[1m[vite][22m[39m [90m[2m(client)[22m[39m [32mhmr update [39m[2m/src/pages/announcements.tsx, /src/index.css[22m
[2m10:22:15 pm[22m [36m[1m[vite][22m[39m [90m[2m(client)[22m[39m [32mhmr update [39m[2m/src/pages/announcements.tsx, /src/index.css[22m
[2m10:22:33 pm[22m [36m[1m[vite][22m[39m [90m[2m(client)[22m[39m [32mhmr update [39m[2m/src/pages/register.tsx, /src/index.css[22m
[2m10:22:48 pm[22m [36m[1m[vite][22m[39m [90m[2m(client)[22m[39m [32mhmr update [39m[2m/src/pages/register.tsx, /src/index.css[22m
[2m10:24:57 pm[22m [36m[1m[vite][22m[39m [90m[2m(client)[22m[39m [32mhmr update [39m[2m/src/pages/home.tsx, /src/index.css[22m
[2m10:24:57 pm[22m [36m[1m[vite][22m[39m [90m[2m(client)[22m[39m [32mhmr update [39m[2m/src/pages/events.tsx, /src/index.css[22m
[2m10:24:57 pm[22m [36m[1m[vite][22m[39m [90m[2m(client)[22m[39m [32mhmr update [39m[2m/src/pages/contact.tsx, /src/index.css[22m
[2m10:24:57 pm[22m [36m[1m[vite][22m[39m [90m[2m(client)[22m[39m [32mhmr update [39m[2m/src/pages/announcements.tsx, /src/index.css[22m
[2m10:24:57 pm[22m [36m[1m[vite][22m[39m [90m[2m(client)[22m[39m [32mhmr update [39m[2m/src/pages/register.tsx, /src/index.css[22m
[2m10:29:40 pm[22m [36m[1m[vite][22m[39m [90m[2m(client)[22m[39m [32mhmr update [39m[2m/src/pages/register.tsx, /src/index.css[22m
[2m10:29:40 pm[22m [36m[1m[vite][22m[39m [90m[2m(client)[22m[39m [32mhmr update [39m[2m/src/pages/events.tsx, /src/index.css[22m
[2m10:29:40 pm[22m [36m[1m[vite][22m[39m [90m[2m(client)[22m[39m [32mhmr update [39m[2m/src/pages/home.tsx, /src/index.css[22m
[2m10:29:40 pm[22m [36m[1m[vite][22m[39m [90m[2m(client)[22m[39m [32mhmr update [39m[2m/src/pages/contact.tsx, /src/index.css[22m
[2m10:29:40 pm[22m [36m[1m[vite][22m[39m [90m[2m(client)[22m[39m [32mhmr update [39m[2m/src/pages/announcements.tsx, /src/index.css[22m
[2m10:31:48 pm[22m [36m[1m[vite][22m[39m [90m[2m(client)[22m[39m [32mhmr update [39m[2m/src/pages/events.tsx, /src/index.css[22m
[2m10:31:48 pm[22m [36m[1m[vite][22m[39m [90m[2m(client)[22m[39m [32mhmr update [39m[2m/src/pages/contact.tsx, /src/index.css[22m
[2m10:31:48 pm[22m [36m[1m[vite][22m[39m [90m[2m(client)[22m[39m [32mhmr update [39m[2m/src/pages/home.tsx, /src/index.css[22m
[2m10:32:19 pm[22m [36m[1m[vite][22m[39m [90m[2m(client)[22m[39m [32mhmr update [39m[2m/src/pages/announcements.tsx, /src/index.css[22m
[2m10:32:19 pm[22m [36m[1m[vite][22m[39m [90m[2m(client)[22m[39m [32mhmr update [39m[2m/src/pages/register.tsx, /src/index.css[22m
[2m10:32:47 pm[22m [36m[1m[vite][22m[39m [90m[2m(client)[22m[39m [32mhmr update [39m[2m/src/pages/register.tsx, /src/index.css[22m
[2m10:32:47 pm[22m [36m[1m[vite][22m[39m [90m[2m(client)[22m[39m [32mhmr update [39m[2m/src/pages/events.tsx, /src/index.css[22m
[2m10:32:47 pm[22m [36m[1m[vite][22m[39m [90m[2m(client)[22m[39m [32mhmr update [39m[2m/src/pages/home.tsx, /src/index.css[22m
[2m10:32:47 pm[22m [36m[1m[vite][22m[39m [90m[2m(client)[22m[39m [32mhmr update [39m[2m/src/pages/contact.tsx, /src/index.css[22m
[2m10:32:47 pm[22m [36m[1m[vite][22m[39m [90m[2m(client)[22m[39m [32mhmr update [39m[2m/src/pages/announcements.tsx, /src/index.css[22m
[2m10:33:41 pm[22m [36m[1m[vite][22m[39m [90m[2m(client)[22m[39m [32mhmr update [39m[2m/src/pages/contact.tsx, /src/index.css[22m
[2m10:34:31 pm[22m [36m[1m[vite][22m[39m [90m[2m(client)[22m[39m [32mhmr update [39m[2m/src/pages/contact.tsx, /src/index.css[22m
[2m10:34:53 pm[22m [36m[1m[vite][22m[39m [90m[2m(client)[22m[39m [32mhmr update [39m[2m/src/pages/contact.tsx, /src/index.css[22m
[2m10:43:16 pm[22m [36m[1m[vite][22m[39m [90m[2m(client)[22m[39m [32mhmr update [39m[2m/src/pages/events.tsx, /src/index.css[22m
[2m10:45:32 pm[22m [36m[1m[vite][22m[39m [90m[2m(client)[22m[39m [32mhmr update [39m[2m/src/pages/admin-dashboard.tsx, /src/index.css[22m
[2m10:45:58 pm[22m [36m[1m[vite][22m[39m [90m[2m(client)[22m[39m [32mhmr update [39m[2m/src/pages/admin-dashboard.tsx, /src/index.css[22m
[2m10:46:20 pm[22m [36m[1m[vite][22m[39m [90m[2m(client)[22m[39m [32mhmr update [39m[2m/src/pages/admin-dashboard.tsx, /src/index.css[22m
[2m10:46:30 pm[22m [36m[1m[vite][22m[39m [90m[2m(client)[22m[39m [32mhmr update [39m[2m/src/pages/admin-dashboard.tsx, /src/index.css[22m
[2m10:52:08 pm[22m [36m[1m[vite][22m[39m [90m[2m(client)[22m[39m [32mhmr update [39m[2m/src/pages/admin-dashboard.tsx, /src/index.css[22m
[2m10:53:38 pm[22m [36m[1m[vite][22m[39m [90m[2m(client)[22m[39m [32mhmr update [39m[2m/src/pages/events.tsx, /src/index.css[22m
[2m10:53:38 pm[22m [36m[1m[vite][22m[39m [90m[2m(client)[22m[39m [32mhmr update [39m[2m/src/pages/admin-dashboard.tsx, /src/index.css[22m
[2m10:55:36 pm[22m [36m[1m[vite][22m[39m [90m[2m(client)[22m[39m [32mhmr update [39m[2m/src/pages/admin-dashboard.tsx, /src/index.css[22m
[2m10:55:48 pm[22m [36m[1m[vite][22m[39m [90m[2m(client)[22m[39m [32mhmr update [39m[2m/src/pages/admin-dashboard.tsx, /src/index.css[22m
[2m10:55:55 pm[22m [36m[1m[vite][22m[39m [90m[2m(client)[22m[39m [32mhmr update [39m[2m/src/pages/admin-dashboard.tsx, /src/index.css[22m
[2m10:57:08 pm[22m [36m[1m[vite][22m[39m [90m[2m(client)[22m[39m [32mhmr update [39m[2m/src/pages/admin-dashboard.tsx, /src/index.css[22m
[2m10:58:39 pm[22m [36m[1m[vite][22m[39m [90m[2m(client)[22m[39m [32mhmr update [39m[2m/src/pages/events.tsx, /src/index.css[22m
[2m12:22:11 am[22m [36m[1m[vite][22m[39m [32mvite.config.ts changed, restarting server...[39m
[2m12:22:12 am[22m [36m[1m[vite][22m[39m server restarted.
[2m12:24:57 am[22m [36m[1m[vite][22m[39m [90m[2m(client)[22m[39m [32mpage reload [39m[2mindex.html[22m
[2m12:29:18 am[22m [36m[1m[vite][22m[39m [32mvite.config.ts changed, restarting server...[39m
[2m12:29:18 am[22m [36m[1m[vite][22m[39m server restarted.
