[2m10:43:00 pm[22m [31m[1m[vite][22m[39m [31mhttp proxy error: /api/registrations[39m
AggregateError [ECONNREFUSED]: 
    at internalConnectMultiple (node:net:1134:18)
    at afterConnectMultiple (node:net:1715:7)
[2m10:43:02 pm[22m [31m[1m[vite][22m[39m [31mhttp proxy error: /api/registrations[39m
AggregateError [ECONNREFUSED]: 
    at internalConnectMultiple (node:net:1134:18)
    at afterConnectMultiple (node:net:1715:7)
[2m10:43:03 pm[22m [31m[1m[vite][22m[39m [31mhttp proxy error: /api/registrations[39m
AggregateError [ECONNREFUSED]: 
    at internalConnectMultiple (node:net:1134:18)
    at afterConnectMultiple (node:net:1715:7)
[2m11:14:04 pm[22m [31m[1m[vite][22m[39m [31mhttp proxy error: /api/registrations[39m
AggregateError [ECONNREFUSED]: 
    at internalConnectMultiple (node:net:1134:18)
    at afterConnectMultiple (node:net:1715:7)
[2m1:30:37 pm[22m [31m[1m[vite][22m[39m [31mhttp proxy error: /api/registrations/all?event=debate[39m
AggregateError [ECONNREFUSED]: 
    at internalConnectMultiple (node:net:1134:18)
    at afterConnectMultiple (node:net:1715:7)
[2m1:30:37 pm[22m [31m[1m[vite][22m[39m [31mhttp proxy error: /api/admin/me[39m
AggregateError [ECONNREFUSED]: 
    at internalConnectMultiple (node:net:1134:18)
    at afterConnectMultiple (node:net:1715:7)
[2m1:30:38 pm[22m [31m[1m[vite][22m[39m [31mhttp proxy error: /api/admin/me[39m
AggregateError [ECONNREFUSED]: 
    at internalConnectMultiple (node:net:1134:18)
    at afterConnectMultiple (node:net:1715:7)
[2m5:44:05 pm[22m [31m[1m[vite][22m[39m [31mhttp proxy error: /api/registrations[39m
AggregateError [ECONNREFUSED]: 
    at internalConnectMultiple (node:net:1134:18)
    at afterConnectMultiple (node:net:1715:7)
[2m5:44:19 pm[22m [31m[1m[vite][22m[39m [31mhttp proxy error: /api/registrations[39m
AggregateError [ECONNREFUSED]: 
    at internalConnectMultiple (node:net:1134:18)
    at afterConnectMultiple (node:net:1715:7)
[2m5:44:53 pm[22m [31m[1m[vite][22m[39m [31mhttp proxy error: /api/registrations[39m
AggregateError [ECONNREFUSED]: 
    at internalConnectMultiple (node:net:1134:18)
    at afterConnectMultiple (node:net:1715:7)
[2m5:45:52 pm[22m [31m[1m[vite][22m[39m [31mhttp proxy error: /api/registrations[39m
AggregateError [ECONNREFUSED]: 
    at internalConnectMultiple (node:net:1134:18)
    at afterConnectMultiple (node:net:1715:7)
[2m5:49:52 pm[22m [31m[1m[vite][22m[39m [31mhttp proxy error: /api/registrations[39m
AggregateError [ECONNREFUSED]: 
    at internalConnectMultiple (node:net:1134:18)
    at afterConnectMultiple (node:net:1715:7)
[2m5:50:36 pm[22m [31m[1m[vite][22m[39m [31mhttp proxy error: /api/registrations[39m
AggregateError [ECONNREFUSED]: 
    at internalConnectMultiple (node:net:1134:18)
    at afterConnectMultiple (node:net:1715:7)
